The system is: Linux - 6.8.0-87-generic - x86_64
Compiling the CXX compiler identification source file "CMakeCXXCompilerId.cpp" succeeded.
Compiler: /usr/bin/c++ 
Build flags: 
Id flags:  

The output was:
0


Compilation of the CXX compiler identification source "CMakeCXXCompilerId.cpp" produced "a.out"

The CXX compiler identification is GNU, found in "/volatile/Git/GeoLab/build/CMakeFiles/3.22.1/CompilerIdCXX/a.out"

Detecting CXX compiler ABI info compiled with the following output:
Change Dir: /volatile/Git/GeoLab/build/CMakeFiles/CMakeTmp

Run Build Command(s):/usr/bin/gmake -f Makefile cmTC_f11e6/fast && /usr/bin/gmake  -f CMakeFiles/cmTC_f11e6.dir/build.make CMakeFiles/cmTC_f11e6.dir/build
gmake[1]: Entering directory '/volatile/Git/GeoLab/build/CMakeFiles/CMakeTmp'
Building CXX object CMakeFiles/cmTC_f11e6.dir/CMakeCXXCompilerABI.cpp.o
/usr/bin/c++   -v -o CMakeFiles/cmTC_f11e6.dir/CMakeCXXCompilerABI.cpp.o -c /usr/share/cmake-3.22/Modules/CMakeCXXCompilerABI.cpp
Using built-in specs.
COLLECT_GCC=/usr/bin/c++
OFFLOAD_TARGET_NAMES=nvptx-none:amdgcn-amdhsa
OFFLOAD_TARGET_DEFAULT=1
Target: x86_64-linux-gnu
Configured with: ../src/configure -v --with-pkgversion='Ubuntu 11.4.0-1ubuntu1~22.04.3' --with-bugurl=file:///usr/share/doc/gcc-11/README.Bugs --enable-languages=c,ada,c++,go,brig,d,fortran,objc,obj-c++,m2 --prefix=/usr --with-gcc-major-version-only --program-suffix=-11 --program-prefix=x86_64-linux-gnu- --enable-shared --enable-linker-build-id --libexecdir=/usr/lib --without-included-gettext --enable-threads=posix --libdir=/usr/lib --enable-nls --enable-bootstrap --enable-clocale=gnu --enable-libstdcxx-debug --enable-libstdcxx-time=yes --with-default-libstdcxx-abi=new --enable-gnu-unique-object --disable-vtable-verify --enable-plugin --enable-default-pie --with-system-zlib --enable-libphobos-checking=release --with-target-system-zlib=auto --enable-objc-gc=auto --enable-multiarch --disable-werror --enable-cet --with-arch-32=i686 --with-abi=m64 --with-multilib-list=m32,m64,mx32 --enable-multilib --with-tune=generic --enable-offload-targets=nvptx-none=/build/gcc-11-0odw26/gcc-11-11.4.0/debian/tmp-nvptx/usr,amdgcn-amdhsa=/build/gcc-11-0odw26/gcc-11-11.4.0/debian/tmp-gcn/usr --without-cuda-driver --enable-checking=release --build=x86_64-linux-gnu --host=x86_64-linux-gnu --target=x86_64-linux-gnu --with-build-config=bootstrap-lto-lean --enable-link-serialization=2
Thread model: posix
Supported LTO compression algorithms: zlib zstd
gcc version 11.4.0 (Ubuntu 11.4.0-1ubuntu1~22.04.3) 
COLLECT_GCC_OPTIONS='-v' '-o' 'CMakeFiles/cmTC_f11e6.dir/CMakeCXXCompilerABI.cpp.o' '-c' '-shared-libgcc' '-mtune=generic' '-march=x86-64' '-dumpdir' 'CMakeFiles/cmTC_f11e6.dir/'
 /usr/lib/gcc/x86_64-linux-gnu/11/cc1plus -quiet -v -imultiarch x86_64-linux-gnu -D_GNU_SOURCE /usr/share/cmake-3.22/Modules/CMakeCXXCompilerABI.cpp -quiet -dumpdir CMakeFiles/cmTC_f11e6.dir/ -dumpbase CMakeCXXCompilerABI.cpp.cpp -dumpbase-ext .cpp -mtune=generic -march=x86-64 -version -fasynchronous-unwind-tables -fstack-protector-strong -Wformat -Wformat-security -fstack-clash-protection -fcf-protection -o /tmp/cc2LFcq0.s
GNU C++17 (Ubuntu 11.4.0-1ubuntu1~22.04.3) version 11.4.0 (x86_64-linux-gnu)
	compiled by GNU C version 11.4.0, GMP version 6.2.1, MPFR version 4.1.0, MPC version 1.2.1, isl version isl-0.24-GMP

GGC heuristics: --param ggc-min-expand=100 --param ggc-min-heapsize=131072
ignoring duplicate directory "/usr/include/x86_64-linux-gnu/c++/11"
ignoring nonexistent directory "/usr/local/include/x86_64-linux-gnu"
ignoring nonexistent directory "/usr/lib/gcc/x86_64-linux-gnu/11/include-fixed"
ignoring nonexistent directory "/usr/lib/gcc/x86_64-linux-gnu/11/../../../../x86_64-linux-gnu/include"
#include "..." search starts here:
#include <...> search starts here:
 /volatile/tools/intelOneAPI_HPC/intelOneAPI/tbb/2021.7.1/env/../include
 /volatile/tools/intelOneAPI_HPC/intelOneAPI/mpi/2021.7.1//include
 /volatile/tools/intelOneAPI_HPC/intelOneAPI/dev-utilities/2021.7.1/include
 /volatile/tools/intelOneAPI_HPC/intelOneAPI/clck/2021.7.1/include
 /usr/include/c++/11
 /usr/include/x86_64-linux-gnu/c++/11
 /usr/include/c++/11/backward
 /usr/lib/gcc/x86_64-linux-gnu/11/include
 /usr/local/include
 /usr/include/x86_64-linux-gnu
 /usr/include
End of search list.
GNU C++17 (Ubuntu 11.4.0-1ubuntu1~22.04.3) version 11.4.0 (x86_64-linux-gnu)
	compiled by GNU C version 11.4.0, GMP version 6.2.1, MPFR version 4.1.0, MPC version 1.2.1, isl version isl-0.24-GMP

GGC heuristics: --param ggc-min-expand=100 --param ggc-min-heapsize=131072
Compiler executable checksum: ac7fa628ee459f217e6fdb88b3db0bde
COLLECT_GCC_OPTIONS='-v' '-o' 'CMakeFiles/cmTC_f11e6.dir/CMakeCXXCompilerABI.cpp.o' '-c' '-shared-libgcc' '-mtune=generic' '-march=x86-64' '-dumpdir' 'CMakeFiles/cmTC_f11e6.dir/'
 as -v --64 -o CMakeFiles/cmTC_f11e6.dir/CMakeCXXCompilerABI.cpp.o /tmp/cc2LFcq0.s
GNU assembler version 2.38 (x86_64-linux-gnu) using BFD version (GNU Binutils for Ubuntu) 2.38
COMPILER_PATH=/usr/lib/gcc/x86_64-linux-gnu/11/:/usr/lib/gcc/x86_64-linux-gnu/11/:/usr/lib/gcc/x86_64-linux-gnu/:/usr/lib/gcc/x86_64-linux-gnu/11/:/usr/lib/gcc/x86_64-linux-gnu/
LIBRARY_PATH=/volatile/tools/intelOneAPI_HPC/intelOneAPI/mpi/2021.7.1//libfabric/lib/../lib/:/volatile/tools/intelOneAPI_HPC/intelOneAPI/mpi/2021.7.1//lib/../lib/:/volatile/tools/intelOneAPI_HPC/intelOneAPI/compiler/2022.2.1/linux/lib/../lib/:/usr/lib/gcc/x86_64-linux-gnu/11/:/usr/lib/gcc/x86_64-linux-gnu/11/../../../x86_64-linux-gnu/:/usr/lib/gcc/x86_64-linux-gnu/11/../../../../lib/:/lib/x86_64-linux-gnu/:/lib/../lib/:/usr/lib/x86_64-linux-gnu/:/usr/lib/../lib/:/volatile/tools/intelOneAPI_HPC/intelOneAPI/tbb/2021.7.1/env/../lib/intel64/gcc4.8/:/volatile/tools/intelOneAPI_HPC/intelOneAPI/mpi/2021.7.1//libfabric/lib/:/volatile/tools/intelOneAPI_HPC/intelOneAPI/mpi/2021.7.1//lib/release/:/volatile/tools/intelOneAPI_HPC/intelOneAPI/mpi/2021.7.1//lib/:/volatile/tools/intelOneAPI_HPC/intelOneAPI/compiler/2022.2.1/linux/compiler/lib/intel64_lin/:/volatile/tools/intelOneAPI_HPC/intelOneAPI/compiler/2022.2.1/linux/lib/:/volatile/tools/intelOneAPI_HPC/intelOneAPI/clck/2021.7.1/lib/intel64/:/usr/lib/gcc/x86_64-linux-gnu/11/../../../:/lib/:/usr/lib/
COLLECT_GCC_OPTIONS='-v' '-o' 'CMakeFiles/cmTC_f11e6.dir/CMakeCXXCompilerABI.cpp.o' '-c' '-shared-libgcc' '-mtune=generic' '-march=x86-64' '-dumpdir' 'CMakeFiles/cmTC_f11e6.dir/CMakeCXXCompilerABI.cpp.'
Linking CXX executable cmTC_f11e6
/usr/bin/cmake -E cmake_link_script CMakeFiles/cmTC_f11e6.dir/link.txt --verbose=1
/usr/bin/c++  -v CMakeFiles/cmTC_f11e6.dir/CMakeCXXCompilerABI.cpp.o -o cmTC_f11e6 
Using built-in specs.
COLLECT_GCC=/usr/bin/c++
COLLECT_LTO_WRAPPER=/usr/lib/gcc/x86_64-linux-gnu/11/lto-wrapper
OFFLOAD_TARGET_NAMES=nvptx-none:amdgcn-amdhsa
OFFLOAD_TARGET_DEFAULT=1
Target: x86_64-linux-gnu
Configured with: ../src/configure -v --with-pkgversion='Ubuntu 11.4.0-1ubuntu1~22.04.3' --with-bugurl=file:///usr/share/doc/gcc-11/README.Bugs --enable-languages=c,ada,c++,go,brig,d,fortran,objc,obj-c++,m2 --prefix=/usr --with-gcc-major-version-only --program-suffix=-11 --program-prefix=x86_64-linux-gnu- --enable-shared --enable-linker-build-id --libexecdir=/usr/lib --without-included-gettext --enable-threads=posix --libdir=/usr/lib --enable-nls --enable-bootstrap --enable-clocale=gnu --enable-libstdcxx-debug --enable-libstdcxx-time=yes --with-default-libstdcxx-abi=new --enable-gnu-unique-object --disable-vtable-verify --enable-plugin --enable-default-pie --with-system-zlib --enable-libphobos-checking=release --with-target-system-zlib=auto --enable-objc-gc=auto --enable-multiarch --disable-werror --enable-cet --with-arch-32=i686 --with-abi=m64 --with-multilib-list=m32,m64,mx32 --enable-multilib --with-tune=generic --enable-offload-targets=nvptx-none=/build/gcc-11-0odw26/gcc-11-11.4.0/debian/tmp-nvptx/usr,amdgcn-amdhsa=/build/gcc-11-0odw26/gcc-11-11.4.0/debian/tmp-gcn/usr --without-cuda-driver --enable-checking=release --build=x86_64-linux-gnu --host=x86_64-linux-gnu --target=x86_64-linux-gnu --with-build-config=bootstrap-lto-lean --enable-link-serialization=2
Thread model: posix
Supported LTO compression algorithms: zlib zstd
gcc version 11.4.0 (Ubuntu 11.4.0-1ubuntu1~22.04.3) 
COMPILER_PATH=/usr/lib/gcc/x86_64-linux-gnu/11/:/usr/lib/gcc/x86_64-linux-gnu/11/:/usr/lib/gcc/x86_64-linux-gnu/:/usr/lib/gcc/x86_64-linux-gnu/11/:/usr/lib/gcc/x86_64-linux-gnu/
LIBRARY_PATH=/volatile/tools/intelOneAPI_HPC/intelOneAPI/mpi/2021.7.1//libfabric/lib/../lib/:/volatile/tools/intelOneAPI_HPC/intelOneAPI/mpi/2021.7.1//lib/../lib/:/volatile/tools/intelOneAPI_HPC/intelOneAPI/compiler/2022.2.1/linux/lib/../lib/:/usr/lib/gcc/x86_64-linux-gnu/11/:/usr/lib/gcc/x86_64-linux-gnu/11/../../../x86_64-linux-gnu/:/usr/lib/gcc/x86_64-linux-gnu/11/../../../../lib/:/lib/x86_64-linux-gnu/:/lib/../lib/:/usr/lib/x86_64-linux-gnu/:/usr/lib/../lib/:/volatile/tools/intelOneAPI_HPC/intelOneAPI/tbb/2021.7.1/env/../lib/intel64/gcc4.8/:/volatile/tools/intelOneAPI_HPC/intelOneAPI/mpi/2021.7.1//libfabric/lib/:/volatile/tools/intelOneAPI_HPC/intelOneAPI/mpi/2021.7.1//lib/release/:/volatile/tools/intelOneAPI_HPC/intelOneAPI/mpi/2021.7.1//lib/:/volatile/tools/intelOneAPI_HPC/intelOneAPI/compiler/2022.2.1/linux/compiler/lib/intel64_lin/:/volatile/tools/intelOneAPI_HPC/intelOneAPI/compiler/2022.2.1/linux/lib/:/volatile/tools/intelOneAPI_HPC/intelOneAPI/clck/2021.7.1/lib/intel64/:/usr/lib/gcc/x86_64-linux-gnu/11/../../../:/lib/:/usr/lib/
COLLECT_GCC_OPTIONS='-v' '-o' 'cmTC_f11e6' '-shared-libgcc' '-mtune=generic' '-march=x86-64' '-dumpdir' 'cmTC_f11e6.'
 /usr/lib/gcc/x86_64-linux-gnu/11/collect2 -plugin /usr/lib/gcc/x86_64-linux-gnu/11/liblto_plugin.so -plugin-opt=/usr/lib/gcc/x86_64-linux-gnu/11/lto-wrapper -plugin-opt=-fresolution=/tmp/ccjZlICq.res -plugin-opt=-pass-through=-lgcc_s -plugin-opt=-pass-through=-lgcc -plugin-opt=-pass-through=-lc -plugin-opt=-pass-through=-lgcc_s -plugin-opt=-pass-through=-lgcc --build-id --eh-frame-hdr -m elf_x86_64 --hash-style=gnu --as-needed -dynamic-linker /lib64/ld-linux-x86-64.so.2 -pie -z now -z relro -o cmTC_f11e6 /usr/lib/gcc/x86_64-linux-gnu/11/../../../x86_64-linux-gnu/Scrt1.o /usr/lib/gcc/x86_64-linux-gnu/11/../../../x86_64-linux-gnu/crti.o /usr/lib/gcc/x86_64-linux-gnu/11/crtbeginS.o -L/volatile/tools/intelOneAPI_HPC/intelOneAPI/mpi/2021.7.1//libfabric/lib/../lib -L/volatile/tools/intelOneAPI_HPC/intelOneAPI/mpi/2021.7.1//lib/../lib -L/volatile/tools/intelOneAPI_HPC/intelOneAPI/compiler/2022.2.1/linux/lib/../lib -L/usr/lib/gcc/x86_64-linux-gnu/11 -L/usr/lib/gcc/x86_64-linux-gnu/11/../../../x86_64-linux-gnu -L/usr/lib/gcc/x86_64-linux-gnu/11/../../../../lib -L/lib/x86_64-linux-gnu -L/lib/../lib -L/usr/lib/x86_64-linux-gnu -L/usr/lib/../lib -L/volatile/tools/intelOneAPI_HPC/intelOneAPI/tbb/2021.7.1/env/../lib/intel64/gcc4.8 -L/volatile/tools/intelOneAPI_HPC/intelOneAPI/mpi/2021.7.1//libfabric/lib -L/volatile/tools/intelOneAPI_HPC/intelOneAPI/mpi/2021.7.1//lib/release -L/volatile/tools/intelOneAPI_HPC/intelOneAPI/mpi/2021.7.1//lib -L/volatile/tools/intelOneAPI_HPC/intelOneAPI/compiler/2022.2.1/linux/compiler/lib/intel64_lin -L/volatile/tools/intelOneAPI_HPC/intelOneAPI/compiler/2022.2.1/linux/lib -L/volatile/tools/intelOneAPI_HPC/intelOneAPI/clck/2021.7.1/lib/intel64 -L/usr/lib/gcc/x86_64-linux-gnu/11/../../.. CMakeFiles/cmTC_f11e6.dir/CMakeCXXCompilerABI.cpp.o -lstdc++ -lm -lgcc_s -lgcc -lc -lgcc_s -lgcc /usr/lib/gcc/x86_64-linux-gnu/11/crtendS.o /usr/lib/gcc/x86_64-linux-gnu/11/../../../x86_64-linux-gnu/crtn.o
COLLECT_GCC_OPTIONS='-v' '-o' 'cmTC_f11e6' '-shared-libgcc' '-mtune=generic' '-march=x86-64' '-dumpdir' 'cmTC_f11e6.'
gmake[1]: Leaving directory '/volatile/Git/GeoLab/build/CMakeFiles/CMakeTmp'



Parsed CXX implicit include dir info from above output: rv=done
  found start of include info
  found start of implicit include info
    add: [/volatile/tools/intelOneAPI_HPC/intelOneAPI/tbb/2021.7.1/env/../include]
    add: [/volatile/tools/intelOneAPI_HPC/intelOneAPI/mpi/2021.7.1//include]
    add: [/volatile/tools/intelOneAPI_HPC/intelOneAPI/dev-utilities/2021.7.1/include]
    add: [/volatile/tools/intelOneAPI_HPC/intelOneAPI/clck/2021.7.1/include]
    add: [/usr/include/c++/11]
    add: [/usr/include/x86_64-linux-gnu/c++/11]
    add: [/usr/include/c++/11/backward]
    add: [/usr/lib/gcc/x86_64-linux-gnu/11/include]
    add: [/usr/local/include]
    add: [/usr/include/x86_64-linux-gnu]
    add: [/usr/include]
  end of search list found
  collapse include dir [/volatile/tools/intelOneAPI_HPC/intelOneAPI/tbb/2021.7.1/env/../include] ==> [/volatile/tools/intelOneAPI_HPC/intelOneAPI/tbb/2021.7.1/include]
  collapse include dir [/volatile/tools/intelOneAPI_HPC/intelOneAPI/mpi/2021.7.1//include] ==> [/volatile/tools/intelOneAPI_HPC/intelOneAPI/mpi/2021.7.1/include]
  collapse include dir [/volatile/tools/intelOneAPI_HPC/intelOneAPI/dev-utilities/2021.7.1/include] ==> [/volatile/tools/intelOneAPI_HPC/intelOneAPI/dev-utilities/2021.7.1/include]
  collapse include dir [/volatile/tools/intelOneAPI_HPC/intelOneAPI/clck/2021.7.1/include] ==> [/volatile/tools/intelOneAPI_HPC/intelOneAPI/clck/2021.7.1/include]
  collapse include dir [/usr/include/c++/11] ==> [/usr/include/c++/11]
  collapse include dir [/usr/include/x86_64-linux-gnu/c++/11] ==> [/usr/include/x86_64-linux-gnu/c++/11]
  collapse include dir [/usr/include/c++/11/backward] ==> [/usr/include/c++/11/backward]
  collapse include dir [/usr/lib/gcc/x86_64-linux-gnu/11/include] ==> [/usr/lib/gcc/x86_64-linux-gnu/11/include]
  collapse include dir [/usr/local/include] ==> [/usr/local/include]
  collapse include dir [/usr/include/x86_64-linux-gnu] ==> [/usr/include/x86_64-linux-gnu]
  collapse include dir [/usr/include] ==> [/usr/include]
  implicit include dirs: [/volatile/tools/intelOneAPI_HPC/intelOneAPI/tbb/2021.7.1/include;/volatile/tools/intelOneAPI_HPC/intelOneAPI/mpi/2021.7.1/include;/volatile/tools/intelOneAPI_HPC/intelOneAPI/dev-utilities/2021.7.1/include;/volatile/tools/intelOneAPI_HPC/intelOneAPI/clck/2021.7.1/include;/usr/include/c++/11;/usr/include/x86_64-linux-gnu/c++/11;/usr/include/c++/11/backward;/usr/lib/gcc/x86_64-linux-gnu/11/include;/usr/local/include;/usr/include/x86_64-linux-gnu;/usr/include]


Parsed CXX implicit link information from above output:
  link line regex: [^( *|.*[/\])(ld|CMAKE_LINK_STARTFILE-NOTFOUND|([^/\]+-)?ld|collect2)[^/\]*( |$)]
  ignore line: [Change Dir: /volatile/Git/GeoLab/build/CMakeFiles/CMakeTmp]
  ignore line: []
  ignore line: [Run Build Command(s):/usr/bin/gmake -f Makefile cmTC_f11e6/fast && /usr/bin/gmake  -f CMakeFiles/cmTC_f11e6.dir/build.make CMakeFiles/cmTC_f11e6.dir/build]
  ignore line: [gmake[1]: Entering directory '/volatile/Git/GeoLab/build/CMakeFiles/CMakeTmp']
  ignore line: [Building CXX object CMakeFiles/cmTC_f11e6.dir/CMakeCXXCompilerABI.cpp.o]
  ignore line: [/usr/bin/c++   -v -o CMakeFiles/cmTC_f11e6.dir/CMakeCXXCompilerABI.cpp.o -c /usr/share/cmake-3.22/Modules/CMakeCXXCompilerABI.cpp]
  ignore line: [Using built-in specs.]
  ignore line: [COLLECT_GCC=/usr/bin/c++]
  ignore line: [OFFLOAD_TARGET_NAMES=nvptx-none:amdgcn-amdhsa]
  ignore line: [OFFLOAD_TARGET_DEFAULT=1]
  ignore line: [Target: x86_64-linux-gnu]
  ignore line: [Configured with: ../src/configure -v --with-pkgversion='Ubuntu 11.4.0-1ubuntu1~22.04.3' --with-bugurl=file:///usr/share/doc/gcc-11/README.Bugs --enable-languages=c ada c++ go brig d fortran objc obj-c++ m2 --prefix=/usr --with-gcc-major-version-only --program-suffix=-11 --program-prefix=x86_64-linux-gnu- --enable-shared --enable-linker-build-id --libexecdir=/usr/lib --without-included-gettext --enable-threads=posix --libdir=/usr/lib --enable-nls --enable-bootstrap --enable-clocale=gnu --enable-libstdcxx-debug --enable-libstdcxx-time=yes --with-default-libstdcxx-abi=new --enable-gnu-unique-object --disable-vtable-verify --enable-plugin --enable-default-pie --with-system-zlib --enable-libphobos-checking=release --with-target-system-zlib=auto --enable-objc-gc=auto --enable-multiarch --disable-werror --enable-cet --with-arch-32=i686 --with-abi=m64 --with-multilib-list=m32 m64 mx32 --enable-multilib --with-tune=generic --enable-offload-targets=nvptx-none=/build/gcc-11-0odw26/gcc-11-11.4.0/debian/tmp-nvptx/usr amdgcn-amdhsa=/build/gcc-11-0odw26/gcc-11-11.4.0/debian/tmp-gcn/usr --without-cuda-driver --enable-checking=release --build=x86_64-linux-gnu --host=x86_64-linux-gnu --target=x86_64-linux-gnu --with-build-config=bootstrap-lto-lean --enable-link-serialization=2]
  ignore line: [Thread model: posix]
  ignore line: [Supported LTO compression algorithms: zlib zstd]
  ignore line: [gcc version 11.4.0 (Ubuntu 11.4.0-1ubuntu1~22.04.3) ]
  ignore line: [COLLECT_GCC_OPTIONS='-v' '-o' 'CMakeFiles/cmTC_f11e6.dir/CMakeCXXCompilerABI.cpp.o' '-c' '-shared-libgcc' '-mtune=generic' '-march=x86-64' '-dumpdir' 'CMakeFiles/cmTC_f11e6.dir/']
  ignore line: [ /usr/lib/gcc/x86_64-linux-gnu/11/cc1plus -quiet -v -imultiarch x86_64-linux-gnu -D_GNU_SOURCE /usr/share/cmake-3.22/Modules/CMakeCXXCompilerABI.cpp -quiet -dumpdir CMakeFiles/cmTC_f11e6.dir/ -dumpbase CMakeCXXCompilerABI.cpp.cpp -dumpbase-ext .cpp -mtune=generic -march=x86-64 -version -fasynchronous-unwind-tables -fstack-protector-strong -Wformat -Wformat-security -fstack-clash-protection -fcf-protection -o /tmp/cc2LFcq0.s]
  ignore line: [GNU C++17 (Ubuntu 11.4.0-1ubuntu1~22.04.3) version 11.4.0 (x86_64-linux-gnu)]
  ignore line: [	compiled by GNU C version 11.4.0  GMP version 6.2.1  MPFR version 4.1.0  MPC version 1.2.1  isl version isl-0.24-GMP]
  ignore line: []
  ignore line: [GGC heuristics: --param ggc-min-expand=100 --param ggc-min-heapsize=131072]
  ignore line: [ignoring duplicate directory "/usr/include/x86_64-linux-gnu/c++/11"]
  ignore line: [ignoring nonexistent directory "/usr/local/include/x86_64-linux-gnu"]
  ignore line: [ignoring nonexistent directory "/usr/lib/gcc/x86_64-linux-gnu/11/include-fixed"]
  ignore line: [ignoring nonexistent directory "/usr/lib/gcc/x86_64-linux-gnu/11/../../../../x86_64-linux-gnu/include"]
  ignore line: [#include "..." search starts here:]
  ignore line: [#include <...> search starts here:]
  ignore line: [ /volatile/tools/intelOneAPI_HPC/intelOneAPI/tbb/2021.7.1/env/../include]
  ignore line: [ /volatile/tools/intelOneAPI_HPC/intelOneAPI/mpi/2021.7.1//include]
  ignore line: [ /volatile/tools/intelOneAPI_HPC/intelOneAPI/dev-utilities/2021.7.1/include]
  ignore line: [ /volatile/tools/intelOneAPI_HPC/intelOneAPI/clck/2021.7.1/include]
  ignore line: [ /usr/include/c++/11]
  ignore line: [ /usr/include/x86_64-linux-gnu/c++/11]
  ignore line: [ /usr/include/c++/11/backward]
  ignore line: [ /usr/lib/gcc/x86_64-linux-gnu/11/include]
  ignore line: [ /usr/local/include]
  ignore line: [ /usr/include/x86_64-linux-gnu]
  ignore line: [ /usr/include]
  ignore line: [End of search list.]
  ignore line: [GNU C++17 (Ubuntu 11.4.0-1ubuntu1~22.04.3) version 11.4.0 (x86_64-linux-gnu)]
  ignore line: [	compiled by GNU C version 11.4.0  GMP version 6.2.1  MPFR version 4.1.0  MPC version 1.2.1  isl version isl-0.24-GMP]
  ignore line: []
  ignore line: [GGC heuristics: --param ggc-min-expand=100 --param ggc-min-heapsize=131072]
  ignore line: [Compiler executable checksum: ac7fa628ee459f217e6fdb88b3db0bde]
  ignore line: [COLLECT_GCC_OPTIONS='-v' '-o' 'CMakeFiles/cmTC_f11e6.dir/CMakeCXXCompilerABI.cpp.o' '-c' '-shared-libgcc' '-mtune=generic' '-march=x86-64' '-dumpdir' 'CMakeFiles/cmTC_f11e6.dir/']
  ignore line: [ as -v --64 -o CMakeFiles/cmTC_f11e6.dir/CMakeCXXCompilerABI.cpp.o /tmp/cc2LFcq0.s]
  ignore line: [GNU assembler version 2.38 (x86_64-linux-gnu) using BFD version (GNU Binutils for Ubuntu) 2.38]
  ignore line: [COMPILER_PATH=/usr/lib/gcc/x86_64-linux-gnu/11/:/usr/lib/gcc/x86_64-linux-gnu/11/:/usr/lib/gcc/x86_64-linux-gnu/:/usr/lib/gcc/x86_64-linux-gnu/11/:/usr/lib/gcc/x86_64-linux-gnu/]
  ignore line: [LIBRARY_PATH=/volatile/tools/intelOneAPI_HPC/intelOneAPI/mpi/2021.7.1//libfabric/lib/../lib/:/volatile/tools/intelOneAPI_HPC/intelOneAPI/mpi/2021.7.1//lib/../lib/:/volatile/tools/intelOneAPI_HPC/intelOneAPI/compiler/2022.2.1/linux/lib/../lib/:/usr/lib/gcc/x86_64-linux-gnu/11/:/usr/lib/gcc/x86_64-linux-gnu/11/../../../x86_64-linux-gnu/:/usr/lib/gcc/x86_64-linux-gnu/11/../../../../lib/:/lib/x86_64-linux-gnu/:/lib/../lib/:/usr/lib/x86_64-linux-gnu/:/usr/lib/../lib/:/volatile/tools/intelOneAPI_HPC/intelOneAPI/tbb/2021.7.1/env/../lib/intel64/gcc4.8/:/volatile/tools/intelOneAPI_HPC/intelOneAPI/mpi/2021.7.1//libfabric/lib/:/volatile/tools/intelOneAPI_HPC/intelOneAPI/mpi/2021.7.1//lib/release/:/volatile/tools/intelOneAPI_HPC/intelOneAPI/mpi/2021.7.1//lib/:/volatile/tools/intelOneAPI_HPC/intelOneAPI/compiler/2022.2.1/linux/compiler/lib/intel64_lin/:/volatile/tools/intelOneAPI_HPC/intelOneAPI/compiler/2022.2.1/linux/lib/:/volatile/tools/intelOneAPI_HPC/intelOneAPI/clck/2021.7.1/lib/intel64/:/usr/lib/gcc/x86_64-linux-gnu/11/../../../:/lib/:/usr/lib/]
  ignore line: [COLLECT_GCC_OPTIONS='-v' '-o' 'CMakeFiles/cmTC_f11e6.dir/CMakeCXXCompilerABI.cpp.o' '-c' '-shared-libgcc' '-mtune=generic' '-march=x86-64' '-dumpdir' 'CMakeFiles/cmTC_f11e6.dir/CMakeCXXCompilerABI.cpp.']
  ignore line: [Linking CXX executable cmTC_f11e6]
  ignore line: [/usr/bin/cmake -E cmake_link_script CMakeFiles/cmTC_f11e6.dir/link.txt --verbose=1]
  ignore line: [/usr/bin/c++  -v CMakeFiles/cmTC_f11e6.dir/CMakeCXXCompilerABI.cpp.o -o cmTC_f11e6 ]
  ignore line: [Using built-in specs.]
  ignore line: [COLLECT_GCC=/usr/bin/c++]
  ignore line: [COLLECT_LTO_WRAPPER=/usr/lib/gcc/x86_64-linux-gnu/11/lto-wrapper]
  ignore line: [OFFLOAD_TARGET_NAMES=nvptx-none:amdgcn-amdhsa]
  ignore line: [OFFLOAD_TARGET_DEFAULT=1]
  ignore line: [Target: x86_64-linux-gnu]
  ignore line: [Configured with: ../src/configure -v --with-pkgversion='Ubuntu 11.4.0-1ubuntu1~22.04.3' --with-bugurl=file:///usr/share/doc/gcc-11/README.Bugs --enable-languages=c ada c++ go brig d fortran objc obj-c++ m2 --prefix=/usr --with-gcc-major-version-only --program-suffix=-11 --program-prefix=x86_64-linux-gnu- --enable-shared --enable-linker-build-id --libexecdir=/usr/lib --without-included-gettext --enable-threads=posix --libdir=/usr/lib --enable-nls --enable-bootstrap --enable-clocale=gnu --enable-libstdcxx-debug --enable-libstdcxx-time=yes --with-default-libstdcxx-abi=new --enable-gnu-unique-object --disable-vtable-verify --enable-plugin --enable-default-pie --with-system-zlib --enable-libphobos-checking=release --with-target-system-zlib=auto --enable-objc-gc=auto --enable-multiarch --disable-werror --enable-cet --with-arch-32=i686 --with-abi=m64 --with-multilib-list=m32 m64 mx32 --enable-multilib --with-tune=generic --enable-offload-targets=nvptx-none=/build/gcc-11-0odw26/gcc-11-11.4.0/debian/tmp-nvptx/usr amdgcn-amdhsa=/build/gcc-11-0odw26/gcc-11-11.4.0/debian/tmp-gcn/usr --without-cuda-driver --enable-checking=release --build=x86_64-linux-gnu --host=x86_64-linux-gnu --target=x86_64-linux-gnu --with-build-config=bootstrap-lto-lean --enable-link-serialization=2]
  ignore line: [Thread model: posix]
  ignore line: [Supported LTO compression algorithms: zlib zstd]
  ignore line: [gcc version 11.4.0 (Ubuntu 11.4.0-1ubuntu1~22.04.3) ]
  ignore line: [COMPILER_PATH=/usr/lib/gcc/x86_64-linux-gnu/11/:/usr/lib/gcc/x86_64-linux-gnu/11/:/usr/lib/gcc/x86_64-linux-gnu/:/usr/lib/gcc/x86_64-linux-gnu/11/:/usr/lib/gcc/x86_64-linux-gnu/]
  ignore line: [LIBRARY_PATH=/volatile/tools/intelOneAPI_HPC/intelOneAPI/mpi/2021.7.1//libfabric/lib/../lib/:/volatile/tools/intelOneAPI_HPC/intelOneAPI/mpi/2021.7.1//lib/../lib/:/volatile/tools/intelOneAPI_HPC/intelOneAPI/compiler/2022.2.1/linux/lib/../lib/:/usr/lib/gcc/x86_64-linux-gnu/11/:/usr/lib/gcc/x86_64-linux-gnu/11/../../../x86_64-linux-gnu/:/usr/lib/gcc/x86_64-linux-gnu/11/../../../../lib/:/lib/x86_64-linux-gnu/:/lib/../lib/:/usr/lib/x86_64-linux-gnu/:/usr/lib/../lib/:/volatile/tools/intelOneAPI_HPC/intelOneAPI/tbb/2021.7.1/env/../lib/intel64/gcc4.8/:/volatile/tools/intelOneAPI_HPC/intelOneAPI/mpi/2021.7.1//libfabric/lib/:/volatile/tools/intelOneAPI_HPC/intelOneAPI/mpi/2021.7.1//lib/release/:/volatile/tools/intelOneAPI_HPC/intelOneAPI/mpi/2021.7.1//lib/:/volatile/tools/intelOneAPI_HPC/intelOneAPI/compiler/2022.2.1/linux/compiler/lib/intel64_lin/:/volatile/tools/intelOneAPI_HPC/intelOneAPI/compiler/2022.2.1/linux/lib/:/volatile/tools/intelOneAPI_HPC/intelOneAPI/clck/2021.7.1/lib/intel64/:/usr/lib/gcc/x86_64-linux-gnu/11/../../../:/lib/:/usr/lib/]
  ignore line: [COLLECT_GCC_OPTIONS='-v' '-o' 'cmTC_f11e6' '-shared-libgcc' '-mtune=generic' '-march=x86-64' '-dumpdir' 'cmTC_f11e6.']
  link line: [ /usr/lib/gcc/x86_64-linux-gnu/11/collect2 -plugin /usr/lib/gcc/x86_64-linux-gnu/11/liblto_plugin.so -plugin-opt=/usr/lib/gcc/x86_64-linux-gnu/11/lto-wrapper -plugin-opt=-fresolution=/tmp/ccjZlICq.res -plugin-opt=-pass-through=-lgcc_s -plugin-opt=-pass-through=-lgcc -plugin-opt=-pass-through=-lc -plugin-opt=-pass-through=-lgcc_s -plugin-opt=-pass-through=-lgcc --build-id --eh-frame-hdr -m elf_x86_64 --hash-style=gnu --as-needed -dynamic-linker /lib64/ld-linux-x86-64.so.2 -pie -z now -z relro -o cmTC_f11e6 /usr/lib/gcc/x86_64-linux-gnu/11/../../../x86_64-linux-gnu/Scrt1.o /usr/lib/gcc/x86_64-linux-gnu/11/../../../x86_64-linux-gnu/crti.o /usr/lib/gcc/x86_64-linux-gnu/11/crtbeginS.o -L/volatile/tools/intelOneAPI_HPC/intelOneAPI/mpi/2021.7.1//libfabric/lib/../lib -L/volatile/tools/intelOneAPI_HPC/intelOneAPI/mpi/2021.7.1//lib/../lib -L/volatile/tools/intelOneAPI_HPC/intelOneAPI/compiler/2022.2.1/linux/lib/../lib -L/usr/lib/gcc/x86_64-linux-gnu/11 -L/usr/lib/gcc/x86_64-linux-gnu/11/../../../x86_64-linux-gnu -L/usr/lib/gcc/x86_64-linux-gnu/11/../../../../lib -L/lib/x86_64-linux-gnu -L/lib/../lib -L/usr/lib/x86_64-linux-gnu -L/usr/lib/../lib -L/volatile/tools/intelOneAPI_HPC/intelOneAPI/tbb/2021.7.1/env/../lib/intel64/gcc4.8 -L/volatile/tools/intelOneAPI_HPC/intelOneAPI/mpi/2021.7.1//libfabric/lib -L/volatile/tools/intelOneAPI_HPC/intelOneAPI/mpi/2021.7.1//lib/release -L/volatile/tools/intelOneAPI_HPC/intelOneAPI/mpi/2021.7.1//lib -L/volatile/tools/intelOneAPI_HPC/intelOneAPI/compiler/2022.2.1/linux/compiler/lib/intel64_lin -L/volatile/tools/intelOneAPI_HPC/intelOneAPI/compiler/2022.2.1/linux/lib -L/volatile/tools/intelOneAPI_HPC/intelOneAPI/clck/2021.7.1/lib/intel64 -L/usr/lib/gcc/x86_64-linux-gnu/11/../../.. CMakeFiles/cmTC_f11e6.dir/CMakeCXXCompilerABI.cpp.o -lstdc++ -lm -lgcc_s -lgcc -lc -lgcc_s -lgcc /usr/lib/gcc/x86_64-linux-gnu/11/crtendS.o /usr/lib/gcc/x86_64-linux-gnu/11/../../../x86_64-linux-gnu/crtn.o]
    arg [/usr/lib/gcc/x86_64-linux-gnu/11/collect2] ==> ignore
    arg [-plugin] ==> ignore
    arg [/usr/lib/gcc/x86_64-linux-gnu/11/liblto_plugin.so] ==> ignore
    arg [-plugin-opt=/usr/lib/gcc/x86_64-linux-gnu/11/lto-wrapper] ==> ignore
    arg [-plugin-opt=-fresolution=/tmp/ccjZlICq.res] ==> ignore
    arg [-plugin-opt=-pass-through=-lgcc_s] ==> ignore
    arg [-plugin-opt=-pass-through=-lgcc] ==> ignore
    arg [-plugin-opt=-pass-through=-lc] ==> ignore
    arg [-plugin-opt=-pass-through=-lgcc_s] ==> ignore
    arg [-plugin-opt=-pass-through=-lgcc] ==> ignore
    arg [--build-id] ==> ignore
    arg [--eh-frame-hdr] ==> ignore
    arg [-m] ==> ignore
    arg [elf_x86_64] ==> ignore
    arg [--hash-style=gnu] ==> ignore
    arg [--as-needed] ==> ignore
    arg [-dynamic-linker] ==> ignore
    arg [/lib64/ld-linux-x86-64.so.2] ==> ignore
    arg [-pie] ==> ignore
    arg [-znow] ==> ignore
    arg [-zrelro] ==> ignore
    arg [-o] ==> ignore
    arg [cmTC_f11e6] ==> ignore
    arg [/usr/lib/gcc/x86_64-linux-gnu/11/../../../x86_64-linux-gnu/Scrt1.o] ==> obj [/usr/lib/gcc/x86_64-linux-gnu/11/../../../x86_64-linux-gnu/Scrt1.o]
    arg [/usr/lib/gcc/x86_64-linux-gnu/11/../../../x86_64-linux-gnu/crti.o] ==> obj [/usr/lib/gcc/x86_64-linux-gnu/11/../../../x86_64-linux-gnu/crti.o]
    arg [/usr/lib/gcc/x86_64-linux-gnu/11/crtbeginS.o] ==> obj [/usr/lib/gcc/x86_64-linux-gnu/11/crtbeginS.o]
    arg [-L/volatile/tools/intelOneAPI_HPC/intelOneAPI/mpi/2021.7.1//libfabric/lib/../lib] ==> dir [/volatile/tools/intelOneAPI_HPC/intelOneAPI/mpi/2021.7.1//libfabric/lib/../lib]
    arg [-L/volatile/tools/intelOneAPI_HPC/intelOneAPI/mpi/2021.7.1//lib/../lib] ==> dir [/volatile/tools/intelOneAPI_HPC/intelOneAPI/mpi/2021.7.1//lib/../lib]
    arg [-L/volatile/tools/intelOneAPI_HPC/intelOneAPI/compiler/2022.2.1/linux/lib/../lib] ==> dir [/volatile/tools/intelOneAPI_HPC/intelOneAPI/compiler/2022.2.1/linux/lib/../lib]
    arg [-L/usr/lib/gcc/x86_64-linux-gnu/11] ==> dir [/usr/lib/gcc/x86_64-linux-gnu/11]
    arg [-L/usr/lib/gcc/x86_64-linux-gnu/11/../../../x86_64-linux-gnu] ==> dir [/usr/lib/gcc/x86_64-linux-gnu/11/../../../x86_64-linux-gnu]
    arg [-L/usr/lib/gcc/x86_64-linux-gnu/11/../../../../lib] ==> dir [/usr/lib/gcc/x86_64-linux-gnu/11/../../../../lib]
    arg [-L/lib/x86_64-linux-gnu] ==> dir [/lib/x86_64-linux-gnu]
    arg [-L/lib/../lib] ==> dir [/lib/../lib]
    arg [-L/usr/lib/x86_64-linux-gnu] ==> dir [/usr/lib/x86_64-linux-gnu]
    arg [-L/usr/lib/../lib] ==> dir [/usr/lib/../lib]
    arg [-L/volatile/tools/intelOneAPI_HPC/intelOneAPI/tbb/2021.7.1/env/../lib/intel64/gcc4.8] ==> dir [/volatile/tools/intelOneAPI_HPC/intelOneAPI/tbb/2021.7.1/env/../lib/intel64/gcc4.8]
    arg [-L/volatile/tools/intelOneAPI_HPC/intelOneAPI/mpi/2021.7.1//libfabric/lib] ==> dir [/volatile/tools/intelOneAPI_HPC/intelOneAPI/mpi/2021.7.1//libfabric/lib]
    arg [-L/volatile/tools/intelOneAPI_HPC/intelOneAPI/mpi/2021.7.1//lib/release] ==> dir [/volatile/tools/intelOneAPI_HPC/intelOneAPI/mpi/2021.7.1//lib/release]
    arg [-L/volatile/tools/intelOneAPI_HPC/intelOneAPI/mpi/2021.7.1//lib] ==> dir [/volatile/tools/intelOneAPI_HPC/intelOneAPI/mpi/2021.7.1//lib]
    arg [-L/volatile/tools/intelOneAPI_HPC/intelOneAPI/compiler/2022.2.1/linux/compiler/lib/intel64_lin] ==> dir [/volatile/tools/intelOneAPI_HPC/intelOneAPI/compiler/2022.2.1/linux/compiler/lib/intel64_lin]
    arg [-L/volatile/tools/intelOneAPI_HPC/intelOneAPI/compiler/2022.2.1/linux/lib] ==> dir [/volatile/tools/intelOneAPI_HPC/intelOneAPI/compiler/2022.2.1/linux/lib]
    arg [-L/volatile/tools/intelOneAPI_HPC/intelOneAPI/clck/2021.7.1/lib/intel64] ==> dir [/volatile/tools/intelOneAPI_HPC/intelOneAPI/clck/2021.7.1/lib/intel64]
    arg [-L/usr/lib/gcc/x86_64-linux-gnu/11/../../..] ==> dir [/usr/lib/gcc/x86_64-linux-gnu/11/../../..]
    arg [CMakeFiles/cmTC_f11e6.dir/CMakeCXXCompilerABI.cpp.o] ==> ignore
    arg [-lstdc++] ==> lib [stdc++]
    arg [-lm] ==> lib [m]
    arg [-lgcc_s] ==> lib [gcc_s]
    arg [-lgcc] ==> lib [gcc]
    arg [-lc] ==> lib [c]
    arg [-lgcc_s] ==> lib [gcc_s]
    arg [-lgcc] ==> lib [gcc]
    arg [/usr/lib/gcc/x86_64-linux-gnu/11/crtendS.o] ==> obj [/usr/lib/gcc/x86_64-linux-gnu/11/crtendS.o]
    arg [/usr/lib/gcc/x86_64-linux-gnu/11/../../../x86_64-linux-gnu/crtn.o] ==> obj [/usr/lib/gcc/x86_64-linux-gnu/11/../../../x86_64-linux-gnu/crtn.o]
  collapse obj [/usr/lib/gcc/x86_64-linux-gnu/11/../../../x86_64-linux-gnu/Scrt1.o] ==> [/usr/lib/x86_64-linux-gnu/Scrt1.o]
  collapse obj [/usr/lib/gcc/x86_64-linux-gnu/11/../../../x86_64-linux-gnu/crti.o] ==> [/usr/lib/x86_64-linux-gnu/crti.o]
  collapse obj [/usr/lib/gcc/x86_64-linux-gnu/11/../../../x86_64-linux-gnu/crtn.o] ==> [/usr/lib/x86_64-linux-gnu/crtn.o]
  collapse library dir [/volatile/tools/intelOneAPI_HPC/intelOneAPI/mpi/2021.7.1//libfabric/lib/../lib] ==> [/volatile/tools/intelOneAPI_HPC/intelOneAPI/mpi/2021.7.1/libfabric/lib]
  collapse library dir [/volatile/tools/intelOneAPI_HPC/intelOneAPI/mpi/2021.7.1//lib/../lib] ==> [/volatile/tools/intelOneAPI_HPC/intelOneAPI/mpi/2021.7.1/lib]
  collapse library dir [/volatile/tools/intelOneAPI_HPC/intelOneAPI/compiler/2022.2.1/linux/lib/../lib] ==> [/volatile/tools/intelOneAPI_HPC/intelOneAPI/compiler/2022.2.1/linux/lib]
  collapse library dir [/usr/lib/gcc/x86_64-linux-gnu/11] ==> [/usr/lib/gcc/x86_64-linux-gnu/11]
  collapse library dir [/usr/lib/gcc/x86_64-linux-gnu/11/../../../x86_64-linux-gnu] ==> [/usr/lib/x86_64-linux-gnu]
  collapse library dir [/usr/lib/gcc/x86_64-linux-gnu/11/../../../../lib] ==> [/usr/lib]
  collapse library dir [/lib/x86_64-linux-gnu] ==> [/lib/x86_64-linux-gnu]
  collapse library dir [/lib/../lib] ==> [/lib]
  collapse library dir [/usr/lib/x86_64-linux-gnu] ==> [/usr/lib/x86_64-linux-gnu]
  collapse library dir [/usr/lib/../lib] ==> [/usr/lib]
  collapse library dir [/volatile/tools/intelOneAPI_HPC/intelOneAPI/tbb/2021.7.1/env/../lib/intel64/gcc4.8] ==> [/volatile/tools/intelOneAPI_HPC/intelOneAPI/tbb/2021.7.1/lib/intel64/gcc4.8]
  collapse library dir [/volatile/tools/intelOneAPI_HPC/intelOneAPI/mpi/2021.7.1//libfabric/lib] ==> [/volatile/tools/intelOneAPI_HPC/intelOneAPI/mpi/2021.7.1/libfabric/lib]
  collapse library dir [/volatile/tools/intelOneAPI_HPC/intelOneAPI/mpi/2021.7.1//lib/release] ==> [/volatile/tools/intelOneAPI_HPC/intelOneAPI/mpi/2021.7.1/lib/release]
  collapse library dir [/volatile/tools/intelOneAPI_HPC/intelOneAPI/mpi/2021.7.1//lib] ==> [/volatile/tools/intelOneAPI_HPC/intelOneAPI/mpi/2021.7.1/lib]
  collapse library dir [/volatile/tools/intelOneAPI_HPC/intelOneAPI/compiler/2022.2.1/linux/compiler/lib/intel64_lin] ==> [/volatile/tools/intelOneAPI_HPC/intelOneAPI/compiler/2022.2.1/linux/compiler/lib/intel64_lin]
  collapse library dir [/volatile/tools/intelOneAPI_HPC/intelOneAPI/compiler/2022.2.1/linux/lib] ==> [/volatile/tools/intelOneAPI_HPC/intelOneAPI/compiler/2022.2.1/linux/lib]
  collapse library dir [/volatile/tools/intelOneAPI_HPC/intelOneAPI/clck/2021.7.1/lib/intel64] ==> [/volatile/tools/intelOneAPI_HPC/intelOneAPI/clck/2021.7.1/lib/intel64]
  collapse library dir [/usr/lib/gcc/x86_64-linux-gnu/11/../../..] ==> [/usr/lib]
  implicit libs: [stdc++;m;gcc_s;gcc;c;gcc_s;gcc]
  implicit objs: [/usr/lib/x86_64-linux-gnu/Scrt1.o;/usr/lib/x86_64-linux-gnu/crti.o;/usr/lib/gcc/x86_64-linux-gnu/11/crtbeginS.o;/usr/lib/gcc/x86_64-linux-gnu/11/crtendS.o;/usr/lib/x86_64-linux-gnu/crtn.o]
  implicit dirs: [/volatile/tools/intelOneAPI_HPC/intelOneAPI/mpi/2021.7.1/libfabric/lib;/volatile/tools/intelOneAPI_HPC/intelOneAPI/mpi/2021.7.1/lib;/volatile/tools/intelOneAPI_HPC/intelOneAPI/compiler/2022.2.1/linux/lib;/usr/lib/gcc/x86_64-linux-gnu/11;/usr/lib/x86_64-linux-gnu;/usr/lib;/lib/x86_64-linux-gnu;/lib;/volatile/tools/intelOneAPI_HPC/intelOneAPI/tbb/2021.7.1/lib/intel64/gcc4.8;/volatile/tools/intelOneAPI_HPC/intelOneAPI/mpi/2021.7.1/lib/release;/volatile/tools/intelOneAPI_HPC/intelOneAPI/compiler/2022.2.1/linux/compiler/lib/intel64_lin;/volatile/tools/intelOneAPI_HPC/intelOneAPI/clck/2021.7.1/lib/intel64]
  implicit fwks: []


Detecting CXX OpenMP compiler ABI info compiled with the following output:
Change Dir: /volatile/Git/GeoLab/build/CMakeFiles/CMakeTmp

Run Build Command(s):/usr/bin/gmake -f Makefile cmTC_e2193/fast && /usr/bin/gmake  -f CMakeFiles/cmTC_e2193.dir/build.make CMakeFiles/cmTC_e2193.dir/build
gmake[1] : on entre dans le répertoire « /volatile/Git/GeoLab/build/CMakeFiles/CMakeTmp »
Building CXX object CMakeFiles/cmTC_e2193.dir/OpenMPTryFlag.cpp.o
/usr/bin/c++   -fopenmp -v -o CMakeFiles/cmTC_e2193.dir/OpenMPTryFlag.cpp.o -c /volatile/Git/GeoLab/build/CMakeFiles/FindOpenMP/OpenMPTryFlag.cpp
Using built-in specs.
COLLECT_GCC=/usr/bin/c++
OFFLOAD_TARGET_NAMES=nvptx-none:amdgcn-amdhsa
OFFLOAD_TARGET_DEFAULT=1
Target: x86_64-linux-gnu
Configured with: ../src/configure -v --with-pkgversion='Ubuntu 11.4.0-1ubuntu1~22.04.3' --with-bugurl=file:///usr/share/doc/gcc-11/README.Bugs --enable-languages=c,ada,c++,go,brig,d,fortran,objc,obj-c++,m2 --prefix=/usr --with-gcc-major-version-only --program-suffix=-11 --program-prefix=x86_64-linux-gnu- --enable-shared --enable-linker-build-id --libexecdir=/usr/lib --without-included-gettext --enable-threads=posix --libdir=/usr/lib --enable-nls --enable-bootstrap --enable-clocale=gnu --enable-libstdcxx-debug --enable-libstdcxx-time=yes --with-default-libstdcxx-abi=new --enable-gnu-unique-object --disable-vtable-verify --enable-plugin --enable-default-pie --with-system-zlib --enable-libphobos-checking=release --with-target-system-zlib=auto --enable-objc-gc=auto --enable-multiarch --disable-werror --enable-cet --with-arch-32=i686 --with-abi=m64 --with-multilib-list=m32,m64,mx32 --enable-multilib --with-tune=generic --enable-offload-targets=nvptx-none=/build/gcc-11-0odw26/gcc-11-11.4.0/debian/tmp-nvptx/usr,amdgcn-amdhsa=/build/gcc-11-0odw26/gcc-11-11.4.0/debian/tmp-gcn/usr --without-cuda-driver --enable-checking=release --build=x86_64-linux-gnu --host=x86_64-linux-gnu --target=x86_64-linux-gnu --with-build-config=bootstrap-lto-lean --enable-link-serialization=2
Thread model: posix
Supported LTO compression algorithms: zlib zstd
gcc version 11.4.0 (Ubuntu 11.4.0-1ubuntu1~22.04.3) 
COLLECT_GCC_OPTIONS='-fopenmp' '-v' '-o' 'CMakeFiles/cmTC_e2193.dir/OpenMPTryFlag.cpp.o' '-c' '-shared-libgcc' '-mtune=generic' '-march=x86-64' '-pthread' '-dumpdir' 'CMakeFiles/cmTC_e2193.dir/'
 /usr/lib/gcc/x86_64-linux-gnu/11/cc1plus -quiet -v -imultiarch x86_64-linux-gnu -D_GNU_SOURCE -D_REENTRANT /volatile/Git/GeoLab/build/CMakeFiles/FindOpenMP/OpenMPTryFlag.cpp -quiet -dumpdir CMakeFiles/cmTC_e2193.dir/ -dumpbase OpenMPTryFlag.cpp.cpp -dumpbase-ext .cpp -mtune=generic -march=x86-64 -version -fopenmp -fasynchronous-unwind-tables -fstack-protector-strong -Wformat -Wformat-security -fstack-clash-protection -fcf-protection -o /tmp/ccjsagUV.s
GNU C++17 (Ubuntu 11.4.0-1ubuntu1~22.04.3) version 11.4.0 (x86_64-linux-gnu)
	compiled by GNU C version 11.4.0, GMP version 6.2.1, MPFR version 4.1.0, MPC version 1.2.1, isl version isl-0.24-GMP

GGC heuristics: --param ggc-min-expand=100 --param ggc-min-heapsize=131072
ignoring duplicate directory "/usr/include/x86_64-linux-gnu/c++/11"
ignoring nonexistent directory "/usr/local/include/x86_64-linux-gnu"
ignoring nonexistent directory "/usr/lib/gcc/x86_64-linux-gnu/11/include-fixed"
ignoring nonexistent directory "/usr/lib/gcc/x86_64-linux-gnu/11/../../../../x86_64-linux-gnu/include"
#include "..." search starts here:
#include <...> search starts here:
 /volatile/tools/intelOneAPI_HPC/intelOneAPI/tbb/2021.7.1/env/../include
 /volatile/tools/intelOneAPI_HPC/intelOneAPI/mpi/2021.7.1//include
 /volatile/tools/intelOneAPI_HPC/intelOneAPI/dev-utilities/2021.7.1/include
 /volatile/tools/intelOneAPI_HPC/intelOneAPI/clck/2021.7.1/include
 /usr/include/c++/11
 /usr/include/x86_64-linux-gnu/c++/11
 /usr/include/c++/11/backward
 /usr/lib/gcc/x86_64-linux-gnu/11/include
 /usr/local/include
 /usr/include/x86_64-linux-gnu
 /usr/include
End of search list.
GNU C++17 (Ubuntu 11.4.0-1ubuntu1~22.04.3) version 11.4.0 (x86_64-linux-gnu)
	compiled by GNU C version 11.4.0, GMP version 6.2.1, MPFR version 4.1.0, MPC version 1.2.1, isl version isl-0.24-GMP

GGC heuristics: --param ggc-min-expand=100 --param ggc-min-heapsize=131072
Compiler executable checksum: ac7fa628ee459f217e6fdb88b3db0bde
COLLECT_GCC_OPTIONS='-fopenmp' '-v' '-o' 'CMakeFiles/cmTC_e2193.dir/OpenMPTryFlag.cpp.o' '-c' '-shared-libgcc' '-mtune=generic' '-march=x86-64' '-pthread' '-dumpdir' 'CMakeFiles/cmTC_e2193.dir/'
 as -v --64 -o CMakeFiles/cmTC_e2193.dir/OpenMPTryFlag.cpp.o /tmp/ccjsagUV.s
Version de l'assembleur GNU 2.38 (x86_64-linux-gnu) utilisant la version BFD (GNU Binutils for Ubuntu) 2.38
COMPILER_PATH=/usr/lib/gcc/x86_64-linux-gnu/11/:/usr/lib/gcc/x86_64-linux-gnu/11/:/usr/lib/gcc/x86_64-linux-gnu/:/usr/lib/gcc/x86_64-linux-gnu/11/:/usr/lib/gcc/x86_64-linux-gnu/
LIBRARY_PATH=/volatile/tools/intelOneAPI_HPC/intelOneAPI/mpi/2021.7.1//libfabric/lib/../lib/:/volatile/tools/intelOneAPI_HPC/intelOneAPI/mpi/2021.7.1//lib/../lib/:/volatile/tools/intelOneAPI_HPC/intelOneAPI/compiler/2022.2.1/linux/lib/../lib/:/usr/lib/gcc/x86_64-linux-gnu/11/:/usr/lib/gcc/x86_64-linux-gnu/11/../../../x86_64-linux-gnu/:/usr/lib/gcc/x86_64-linux-gnu/11/../../../../lib/:/lib/x86_64-linux-gnu/:/lib/../lib/:/usr/lib/x86_64-linux-gnu/:/usr/lib/../lib/:/volatile/tools/intelOneAPI_HPC/intelOneAPI/tbb/2021.7.1/env/../lib/intel64/gcc4.8/:/volatile/tools/intelOneAPI_HPC/intelOneAPI/mpi/2021.7.1//libfabric/lib/:/volatile/tools/intelOneAPI_HPC/intelOneAPI/mpi/2021.7.1//lib/release/:/volatile/tools/intelOneAPI_HPC/intelOneAPI/mpi/2021.7.1//lib/:/volatile/tools/intelOneAPI_HPC/intelOneAPI/compiler/2022.2.1/linux/compiler/lib/intel64_lin/:/volatile/tools/intelOneAPI_HPC/intelOneAPI/compiler/2022.2.1/linux/lib/:/volatile/tools/intelOneAPI_HPC/intelOneAPI/clck/2021.7.1/lib/intel64/:/usr/lib/gcc/x86_64-linux-gnu/11/../../../:/lib/:/usr/lib/
COLLECT_GCC_OPTIONS='-fopenmp' '-v' '-o' 'CMakeFiles/cmTC_e2193.dir/OpenMPTryFlag.cpp.o' '-c' '-shared-libgcc' '-mtune=generic' '-march=x86-64' '-pthread' '-dumpdir' 'CMakeFiles/cmTC_e2193.dir/OpenMPTryFlag.cpp.'
Linking CXX executable cmTC_e2193
/usr/bin/cmake -E cmake_link_script CMakeFiles/cmTC_e2193.dir/link.txt --verbose=1
/usr/bin/c++  -fopenmp -v CMakeFiles/cmTC_e2193.dir/OpenMPTryFlag.cpp.o -o cmTC_e2193  -v 
Using built-in specs.
COLLECT_GCC=/usr/bin/c++
COLLECT_LTO_WRAPPER=/usr/lib/gcc/x86_64-linux-gnu/11/lto-wrapper
OFFLOAD_TARGET_NAMES=nvptx-none:amdgcn-amdhsa
OFFLOAD_TARGET_DEFAULT=1
Target: x86_64-linux-gnu
Configured with: ../src/configure -v --with-pkgversion='Ubuntu 11.4.0-1ubuntu1~22.04.3' --with-bugurl=file:///usr/share/doc/gcc-11/README.Bugs --enable-languages=c,ada,c++,go,brig,d,fortran,objc,obj-c++,m2 --prefix=/usr --with-gcc-major-version-only --program-suffix=-11 --program-prefix=x86_64-linux-gnu- --enable-shared --enable-linker-build-id --libexecdir=/usr/lib --without-included-gettext --enable-threads=posix --libdir=/usr/lib --enable-nls --enable-bootstrap --enable-clocale=gnu --enable-libstdcxx-debug --enable-libstdcxx-time=yes --with-default-libstdcxx-abi=new --enable-gnu-unique-object --disable-vtable-verify --enable-plugin --enable-default-pie --with-system-zlib --enable-libphobos-checking=release --with-target-system-zlib=auto --enable-objc-gc=auto --enable-multiarch --disable-werror --enable-cet --with-arch-32=i686 --with-abi=m64 --with-multilib-list=m32,m64,mx32 --enable-multilib --with-tune=generic --enable-offload-targets=nvptx-none=/build/gcc-11-0odw26/gcc-11-11.4.0/debian/tmp-nvptx/usr,amdgcn-amdhsa=/build/gcc-11-0odw26/gcc-11-11.4.0/debian/tmp-gcn/usr --without-cuda-driver --enable-checking=release --build=x86_64-linux-gnu --host=x86_64-linux-gnu --target=x86_64-linux-gnu --with-build-config=bootstrap-lto-lean --enable-link-serialization=2
Thread model: posix
Supported LTO compression algorithms: zlib zstd
gcc version 11.4.0 (Ubuntu 11.4.0-1ubuntu1~22.04.3) 
COMPILER_PATH=/usr/lib/gcc/x86_64-linux-gnu/11/:/usr/lib/gcc/x86_64-linux-gnu/11/:/usr/lib/gcc/x86_64-linux-gnu/:/usr/lib/gcc/x86_64-linux-gnu/11/:/usr/lib/gcc/x86_64-linux-gnu/
LIBRARY_PATH=/volatile/tools/intelOneAPI_HPC/intelOneAPI/mpi/2021.7.1//libfabric/lib/../lib/:/volatile/tools/intelOneAPI_HPC/intelOneAPI/mpi/2021.7.1//lib/../lib/:/volatile/tools/intelOneAPI_HPC/intelOneAPI/compiler/2022.2.1/linux/lib/../lib/:/usr/lib/gcc/x86_64-linux-gnu/11/:/usr/lib/gcc/x86_64-linux-gnu/11/../../../x86_64-linux-gnu/:/usr/lib/gcc/x86_64-linux-gnu/11/../../../../lib/:/lib/x86_64-linux-gnu/:/lib/../lib/:/usr/lib/x86_64-linux-gnu/:/usr/lib/../lib/:/volatile/tools/intelOneAPI_HPC/intelOneAPI/tbb/2021.7.1/env/../lib/intel64/gcc4.8/:/volatile/tools/intelOneAPI_HPC/intelOneAPI/mpi/2021.7.1//libfabric/lib/:/volatile/tools/intelOneAPI_HPC/intelOneAPI/mpi/2021.7.1//lib/release/:/volatile/tools/intelOneAPI_HPC/intelOneAPI/mpi/2021.7.1//lib/:/volatile/tools/intelOneAPI_HPC/intelOneAPI/compiler/2022.2.1/linux/compiler/lib/intel64_lin/:/volatile/tools/intelOneAPI_HPC/intelOneAPI/compiler/2022.2.1/linux/lib/:/volatile/tools/intelOneAPI_HPC/intelOneAPI/clck/2021.7.1/lib/intel64/:/usr/lib/gcc/x86_64-linux-gnu/11/../../../:/lib/:/usr/lib/
Reading specs from /usr/lib/gcc/x86_64-linux-gnu/11/libgomp.spec
COLLECT_GCC_OPTIONS='-fopenmp' '-v' '-o' 'cmTC_e2193' '-v' '-shared-libgcc' '-mtune=generic' '-march=x86-64' '-pthread' '-dumpdir' 'cmTC_e2193.'
 /usr/lib/gcc/x86_64-linux-gnu/11/collect2 -plugin /usr/lib/gcc/x86_64-linux-gnu/11/liblto_plugin.so -plugin-opt=/usr/lib/gcc/x86_64-linux-gnu/11/lto-wrapper -plugin-opt=-fresolution=/tmp/ccxkfDmK.res -plugin-opt=-pass-through=-lgcc_s -plugin-opt=-pass-through=-lgcc -plugin-opt=-pass-through=-lpthread -plugin-opt=-pass-through=-lc -plugin-opt=-pass-through=-lgcc_s -plugin-opt=-pass-through=-lgcc --build-id --eh-frame-hdr -m elf_x86_64 --hash-style=gnu --as-needed -dynamic-linker /lib64/ld-linux-x86-64.so.2 -pie -z now -z relro -o cmTC_e2193 /usr/lib/gcc/x86_64-linux-gnu/11/../../../x86_64-linux-gnu/Scrt1.o /usr/lib/gcc/x86_64-linux-gnu/11/../../../x86_64-linux-gnu/crti.o /usr/lib/gcc/x86_64-linux-gnu/11/crtbeginS.o /usr/lib/gcc/x86_64-linux-gnu/11/crtoffloadbegin.o -L/volatile/tools/intelOneAPI_HPC/intelOneAPI/mpi/2021.7.1//libfabric/lib/../lib -L/volatile/tools/intelOneAPI_HPC/intelOneAPI/mpi/2021.7.1//lib/../lib -L/volatile/tools/intelOneAPI_HPC/intelOneAPI/compiler/2022.2.1/linux/lib/../lib -L/usr/lib/gcc/x86_64-linux-gnu/11 -L/usr/lib/gcc/x86_64-linux-gnu/11/../../../x86_64-linux-gnu -L/usr/lib/gcc/x86_64-linux-gnu/11/../../../../lib -L/lib/x86_64-linux-gnu -L/lib/../lib -L/usr/lib/x86_64-linux-gnu -L/usr/lib/../lib -L/volatile/tools/intelOneAPI_HPC/intelOneAPI/tbb/2021.7.1/env/../lib/intel64/gcc4.8 -L/volatile/tools/intelOneAPI_HPC/intelOneAPI/mpi/2021.7.1//libfabric/lib -L/volatile/tools/intelOneAPI_HPC/intelOneAPI/mpi/2021.7.1//lib/release -L/volatile/tools/intelOneAPI_HPC/intelOneAPI/mpi/2021.7.1//lib -L/volatile/tools/intelOneAPI_HPC/intelOneAPI/compiler/2022.2.1/linux/compiler/lib/intel64_lin -L/volatile/tools/intelOneAPI_HPC/intelOneAPI/compiler/2022.2.1/linux/lib -L/volatile/tools/intelOneAPI_HPC/intelOneAPI/clck/2021.7.1/lib/intel64 -L/usr/lib/gcc/x86_64-linux-gnu/11/../../.. CMakeFiles/cmTC_e2193.dir/OpenMPTryFlag.cpp.o -lstdc++ -lm -lgomp -lgcc_s -lgcc -lpthread -lc -lgcc_s -lgcc /usr/lib/gcc/x86_64-linux-gnu/11/crtendS.o /usr/lib/gcc/x86_64-linux-gnu/11/../../../x86_64-linux-gnu/crtn.o /usr/lib/gcc/x86_64-linux-gnu/11/crtoffloadend.o
COLLECT_GCC_OPTIONS='-fopenmp' '-v' '-o' 'cmTC_e2193' '-v' '-shared-libgcc' '-mtune=generic' '-march=x86-64' '-pthread' '-dumpdir' 'cmTC_e2193.'
gmake[1] : on quitte le répertoire « /volatile/Git/GeoLab/build/CMakeFiles/CMakeTmp »



Parsed CXX OpenMP implicit link information from above output:
  link line regex: [^( *|.*[/\])(ld|CMAKE_LINK_STARTFILE-NOTFOUND|([^/\]+-)?ld|collect2)[^/\]*( |$)]
  ignore line: [Change Dir: /volatile/Git/GeoLab/build/CMakeFiles/CMakeTmp]
  ignore line: []
  ignore line: [Run Build Command(s):/usr/bin/gmake -f Makefile cmTC_e2193/fast && /usr/bin/gmake  -f CMakeFiles/cmTC_e2193.dir/build.make CMakeFiles/cmTC_e2193.dir/build]
  ignore line: [gmake[1] : on entre dans le répertoire « /volatile/Git/GeoLab/build/CMakeFiles/CMakeTmp »]
  ignore line: [Building CXX object CMakeFiles/cmTC_e2193.dir/OpenMPTryFlag.cpp.o]
  ignore line: [/usr/bin/c++   -fopenmp -v -o CMakeFiles/cmTC_e2193.dir/OpenMPTryFlag.cpp.o -c /volatile/Git/GeoLab/build/CMakeFiles/FindOpenMP/OpenMPTryFlag.cpp]
  ignore line: [Using built-in specs.]
  ignore line: [COLLECT_GCC=/usr/bin/c++]
  ignore line: [OFFLOAD_TARGET_NAMES=nvptx-none:amdgcn-amdhsa]
  ignore line: [OFFLOAD_TARGET_DEFAULT=1]
  ignore line: [Target: x86_64-linux-gnu]
  ignore line: [Configured with: ../src/configure -v --with-pkgversion='Ubuntu 11.4.0-1ubuntu1~22.04.3' --with-bugurl=file:///usr/share/doc/gcc-11/README.Bugs --enable-languages=c ada c++ go brig d fortran objc obj-c++ m2 --prefix=/usr --with-gcc-major-version-only --program-suffix=-11 --program-prefix=x86_64-linux-gnu- --enable-shared --enable-linker-build-id --libexecdir=/usr/lib --without-included-gettext --enable-threads=posix --libdir=/usr/lib --enable-nls --enable-bootstrap --enable-clocale=gnu --enable-libstdcxx-debug --enable-libstdcxx-time=yes --with-default-libstdcxx-abi=new --enable-gnu-unique-object --disable-vtable-verify --enable-plugin --enable-default-pie --with-system-zlib --enable-libphobos-checking=release --with-target-system-zlib=auto --enable-objc-gc=auto --enable-multiarch --disable-werror --enable-cet --with-arch-32=i686 --with-abi=m64 --with-multilib-list=m32 m64 mx32 --enable-multilib --with-tune=generic --enable-offload-targets=nvptx-none=/build/gcc-11-0odw26/gcc-11-11.4.0/debian/tmp-nvptx/usr amdgcn-amdhsa=/build/gcc-11-0odw26/gcc-11-11.4.0/debian/tmp-gcn/usr --without-cuda-driver --enable-checking=release --build=x86_64-linux-gnu --host=x86_64-linux-gnu --target=x86_64-linux-gnu --with-build-config=bootstrap-lto-lean --enable-link-serialization=2]
  ignore line: [Thread model: posix]
  ignore line: [Supported LTO compression algorithms: zlib zstd]
  ignore line: [gcc version 11.4.0 (Ubuntu 11.4.0-1ubuntu1~22.04.3) ]
  ignore line: [COLLECT_GCC_OPTIONS='-fopenmp' '-v' '-o' 'CMakeFiles/cmTC_e2193.dir/OpenMPTryFlag.cpp.o' '-c' '-shared-libgcc' '-mtune=generic' '-march=x86-64' '-pthread' '-dumpdir' 'CMakeFiles/cmTC_e2193.dir/']
  ignore line: [ /usr/lib/gcc/x86_64-linux-gnu/11/cc1plus -quiet -v -imultiarch x86_64-linux-gnu -D_GNU_SOURCE -D_REENTRANT /volatile/Git/GeoLab/build/CMakeFiles/FindOpenMP/OpenMPTryFlag.cpp -quiet -dumpdir CMakeFiles/cmTC_e2193.dir/ -dumpbase OpenMPTryFlag.cpp.cpp -dumpbase-ext .cpp -mtune=generic -march=x86-64 -version -fopenmp -fasynchronous-unwind-tables -fstack-protector-strong -Wformat -Wformat-security -fstack-clash-protection -fcf-protection -o /tmp/ccjsagUV.s]
  ignore line: [GNU C++17 (Ubuntu 11.4.0-1ubuntu1~22.04.3) version 11.4.0 (x86_64-linux-gnu)]
  ignore line: [	compiled by GNU C version 11.4.0  GMP version 6.2.1  MPFR version 4.1.0  MPC version 1.2.1  isl version isl-0.24-GMP]
  ignore line: []
  ignore line: [GGC heuristics: --param ggc-min-expand=100 --param ggc-min-heapsize=131072]
  ignore line: [ignoring duplicate directory "/usr/include/x86_64-linux-gnu/c++/11"]
  ignore line: [ignoring nonexistent directory "/usr/local/include/x86_64-linux-gnu"]
  ignore line: [ignoring nonexistent directory "/usr/lib/gcc/x86_64-linux-gnu/11/include-fixed"]
  ignore line: [ignoring nonexistent directory "/usr/lib/gcc/x86_64-linux-gnu/11/../../../../x86_64-linux-gnu/include"]
  ignore line: [#include "..." search starts here:]
  ignore line: [#include <...> search starts here:]
  ignore line: [ /volatile/tools/intelOneAPI_HPC/intelOneAPI/tbb/2021.7.1/env/../include]
  ignore line: [ /volatile/tools/intelOneAPI_HPC/intelOneAPI/mpi/2021.7.1//include]
  ignore line: [ /volatile/tools/intelOneAPI_HPC/intelOneAPI/dev-utilities/2021.7.1/include]
  ignore line: [ /volatile/tools/intelOneAPI_HPC/intelOneAPI/clck/2021.7.1/include]
  ignore line: [ /usr/include/c++/11]
  ignore line: [ /usr/include/x86_64-linux-gnu/c++/11]
  ignore line: [ /usr/include/c++/11/backward]
  ignore line: [ /usr/lib/gcc/x86_64-linux-gnu/11/include]
  ignore line: [ /usr/local/include]
  ignore line: [ /usr/include/x86_64-linux-gnu]
  ignore line: [ /usr/include]
  ignore line: [End of search list.]
  ignore line: [GNU C++17 (Ubuntu 11.4.0-1ubuntu1~22.04.3) version 11.4.0 (x86_64-linux-gnu)]
  ignore line: [	compiled by GNU C version 11.4.0  GMP version 6.2.1  MPFR version 4.1.0  MPC version 1.2.1  isl version isl-0.24-GMP]
  ignore line: []
  ignore line: [GGC heuristics: --param ggc-min-expand=100 --param ggc-min-heapsize=131072]
  ignore line: [Compiler executable checksum: ac7fa628ee459f217e6fdb88b3db0bde]
  ignore line: [COLLECT_GCC_OPTIONS='-fopenmp' '-v' '-o' 'CMakeFiles/cmTC_e2193.dir/OpenMPTryFlag.cpp.o' '-c' '-shared-libgcc' '-mtune=generic' '-march=x86-64' '-pthread' '-dumpdir' 'CMakeFiles/cmTC_e2193.dir/']
  ignore line: [ as -v --64 -o CMakeFiles/cmTC_e2193.dir/OpenMPTryFlag.cpp.o /tmp/ccjsagUV.s]
  ignore line: [Version de l'assembleur GNU 2.38 (x86_64-linux-gnu) utilisant la version BFD (GNU Binutils for Ubuntu) 2.38]
  ignore line: [COMPILER_PATH=/usr/lib/gcc/x86_64-linux-gnu/11/:/usr/lib/gcc/x86_64-linux-gnu/11/:/usr/lib/gcc/x86_64-linux-gnu/:/usr/lib/gcc/x86_64-linux-gnu/11/:/usr/lib/gcc/x86_64-linux-gnu/]
  ignore line: [LIBRARY_PATH=/volatile/tools/intelOneAPI_HPC/intelOneAPI/mpi/2021.7.1//libfabric/lib/../lib/:/volatile/tools/intelOneAPI_HPC/intelOneAPI/mpi/2021.7.1//lib/../lib/:/volatile/tools/intelOneAPI_HPC/intelOneAPI/compiler/2022.2.1/linux/lib/../lib/:/usr/lib/gcc/x86_64-linux-gnu/11/:/usr/lib/gcc/x86_64-linux-gnu/11/../../../x86_64-linux-gnu/:/usr/lib/gcc/x86_64-linux-gnu/11/../../../../lib/:/lib/x86_64-linux-gnu/:/lib/../lib/:/usr/lib/x86_64-linux-gnu/:/usr/lib/../lib/:/volatile/tools/intelOneAPI_HPC/intelOneAPI/tbb/2021.7.1/env/../lib/intel64/gcc4.8/:/volatile/tools/intelOneAPI_HPC/intelOneAPI/mpi/2021.7.1//libfabric/lib/:/volatile/tools/intelOneAPI_HPC/intelOneAPI/mpi/2021.7.1//lib/release/:/volatile/tools/intelOneAPI_HPC/intelOneAPI/mpi/2021.7.1//lib/:/volatile/tools/intelOneAPI_HPC/intelOneAPI/compiler/2022.2.1/linux/compiler/lib/intel64_lin/:/volatile/tools/intelOneAPI_HPC/intelOneAPI/compiler/2022.2.1/linux/lib/:/volatile/tools/intelOneAPI_HPC/intelOneAPI/clck/2021.7.1/lib/intel64/:/usr/lib/gcc/x86_64-linux-gnu/11/../../../:/lib/:/usr/lib/]
  ignore line: [COLLECT_GCC_OPTIONS='-fopenmp' '-v' '-o' 'CMakeFiles/cmTC_e2193.dir/OpenMPTryFlag.cpp.o' '-c' '-shared-libgcc' '-mtune=generic' '-march=x86-64' '-pthread' '-dumpdir' 'CMakeFiles/cmTC_e2193.dir/OpenMPTryFlag.cpp.']
  ignore line: [Linking CXX executable cmTC_e2193]
  ignore line: [/usr/bin/cmake -E cmake_link_script CMakeFiles/cmTC_e2193.dir/link.txt --verbose=1]
  ignore line: [/usr/bin/c++  -fopenmp -v CMakeFiles/cmTC_e2193.dir/OpenMPTryFlag.cpp.o -o cmTC_e2193  -v ]
  ignore line: [Using built-in specs.]
  ignore line: [COLLECT_GCC=/usr/bin/c++]
  ignore line: [COLLECT_LTO_WRAPPER=/usr/lib/gcc/x86_64-linux-gnu/11/lto-wrapper]
  ignore line: [OFFLOAD_TARGET_NAMES=nvptx-none:amdgcn-amdhsa]
  ignore line: [OFFLOAD_TARGET_DEFAULT=1]
  ignore line: [Target: x86_64-linux-gnu]
  ignore line: [Configured with: ../src/configure -v --with-pkgversion='Ubuntu 11.4.0-1ubuntu1~22.04.3' --with-bugurl=file:///usr/share/doc/gcc-11/README.Bugs --enable-languages=c ada c++ go brig d fortran objc obj-c++ m2 --prefix=/usr --with-gcc-major-version-only --program-suffix=-11 --program-prefix=x86_64-linux-gnu- --enable-shared --enable-linker-build-id --libexecdir=/usr/lib --without-included-gettext --enable-threads=posix --libdir=/usr/lib --enable-nls --enable-bootstrap --enable-clocale=gnu --enable-libstdcxx-debug --enable-libstdcxx-time=yes --with-default-libstdcxx-abi=new --enable-gnu-unique-object --disable-vtable-verify --enable-plugin --enable-default-pie --with-system-zlib --enable-libphobos-checking=release --with-target-system-zlib=auto --enable-objc-gc=auto --enable-multiarch --disable-werror --enable-cet --with-arch-32=i686 --with-abi=m64 --with-multilib-list=m32 m64 mx32 --enable-multilib --with-tune=generic --enable-offload-targets=nvptx-none=/build/gcc-11-0odw26/gcc-11-11.4.0/debian/tmp-nvptx/usr amdgcn-amdhsa=/build/gcc-11-0odw26/gcc-11-11.4.0/debian/tmp-gcn/usr --without-cuda-driver --enable-checking=release --build=x86_64-linux-gnu --host=x86_64-linux-gnu --target=x86_64-linux-gnu --with-build-config=bootstrap-lto-lean --enable-link-serialization=2]
  ignore line: [Thread model: posix]
  ignore line: [Supported LTO compression algorithms: zlib zstd]
  ignore line: [gcc version 11.4.0 (Ubuntu 11.4.0-1ubuntu1~22.04.3) ]
  ignore line: [COMPILER_PATH=/usr/lib/gcc/x86_64-linux-gnu/11/:/usr/lib/gcc/x86_64-linux-gnu/11/:/usr/lib/gcc/x86_64-linux-gnu/:/usr/lib/gcc/x86_64-linux-gnu/11/:/usr/lib/gcc/x86_64-linux-gnu/]
  ignore line: [LIBRARY_PATH=/volatile/tools/intelOneAPI_HPC/intelOneAPI/mpi/2021.7.1//libfabric/lib/../lib/:/volatile/tools/intelOneAPI_HPC/intelOneAPI/mpi/2021.7.1//lib/../lib/:/volatile/tools/intelOneAPI_HPC/intelOneAPI/compiler/2022.2.1/linux/lib/../lib/:/usr/lib/gcc/x86_64-linux-gnu/11/:/usr/lib/gcc/x86_64-linux-gnu/11/../../../x86_64-linux-gnu/:/usr/lib/gcc/x86_64-linux-gnu/11/../../../../lib/:/lib/x86_64-linux-gnu/:/lib/../lib/:/usr/lib/x86_64-linux-gnu/:/usr/lib/../lib/:/volatile/tools/intelOneAPI_HPC/intelOneAPI/tbb/2021.7.1/env/../lib/intel64/gcc4.8/:/volatile/tools/intelOneAPI_HPC/intelOneAPI/mpi/2021.7.1//libfabric/lib/:/volatile/tools/intelOneAPI_HPC/intelOneAPI/mpi/2021.7.1//lib/release/:/volatile/tools/intelOneAPI_HPC/intelOneAPI/mpi/2021.7.1//lib/:/volatile/tools/intelOneAPI_HPC/intelOneAPI/compiler/2022.2.1/linux/compiler/lib/intel64_lin/:/volatile/tools/intelOneAPI_HPC/intelOneAPI/compiler/2022.2.1/linux/lib/:/volatile/tools/intelOneAPI_HPC/intelOneAPI/clck/2021.7.1/lib/intel64/:/usr/lib/gcc/x86_64-linux-gnu/11/../../../:/lib/:/usr/lib/]
  ignore line: [Reading specs from /usr/lib/gcc/x86_64-linux-gnu/11/libgomp.spec]
  ignore line: [COLLECT_GCC_OPTIONS='-fopenmp' '-v' '-o' 'cmTC_e2193' '-v' '-shared-libgcc' '-mtune=generic' '-march=x86-64' '-pthread' '-dumpdir' 'cmTC_e2193.']
  link line: [ /usr/lib/gcc/x86_64-linux-gnu/11/collect2 -plugin /usr/lib/gcc/x86_64-linux-gnu/11/liblto_plugin.so -plugin-opt=/usr/lib/gcc/x86_64-linux-gnu/11/lto-wrapper -plugin-opt=-fresolution=/tmp/ccxkfDmK.res -plugin-opt=-pass-through=-lgcc_s -plugin-opt=-pass-through=-lgcc -plugin-opt=-pass-through=-lpthread -plugin-opt=-pass-through=-lc -plugin-opt=-pass-through=-lgcc_s -plugin-opt=-pass-through=-lgcc --build-id --eh-frame-hdr -m elf_x86_64 --hash-style=gnu --as-needed -dynamic-linker /lib64/ld-linux-x86-64.so.2 -pie -z now -z relro -o cmTC_e2193 /usr/lib/gcc/x86_64-linux-gnu/11/../../../x86_64-linux-gnu/Scrt1.o /usr/lib/gcc/x86_64-linux-gnu/11/../../../x86_64-linux-gnu/crti.o /usr/lib/gcc/x86_64-linux-gnu/11/crtbeginS.o /usr/lib/gcc/x86_64-linux-gnu/11/crtoffloadbegin.o -L/volatile/tools/intelOneAPI_HPC/intelOneAPI/mpi/2021.7.1//libfabric/lib/../lib -L/volatile/tools/intelOneAPI_HPC/intelOneAPI/mpi/2021.7.1//lib/../lib -L/volatile/tools/intelOneAPI_HPC/intelOneAPI/compiler/2022.2.1/linux/lib/../lib -L/usr/lib/gcc/x86_64-linux-gnu/11 -L/usr/lib/gcc/x86_64-linux-gnu/11/../../../x86_64-linux-gnu -L/usr/lib/gcc/x86_64-linux-gnu/11/../../../../lib -L/lib/x86_64-linux-gnu -L/lib/../lib -L/usr/lib/x86_64-linux-gnu -L/usr/lib/../lib -L/volatile/tools/intelOneAPI_HPC/intelOneAPI/tbb/2021.7.1/env/../lib/intel64/gcc4.8 -L/volatile/tools/intelOneAPI_HPC/intelOneAPI/mpi/2021.7.1//libfabric/lib -L/volatile/tools/intelOneAPI_HPC/intelOneAPI/mpi/2021.7.1//lib/release -L/volatile/tools/intelOneAPI_HPC/intelOneAPI/mpi/2021.7.1//lib -L/volatile/tools/intelOneAPI_HPC/intelOneAPI/compiler/2022.2.1/linux/compiler/lib/intel64_lin -L/volatile/tools/intelOneAPI_HPC/intelOneAPI/compiler/2022.2.1/linux/lib -L/volatile/tools/intelOneAPI_HPC/intelOneAPI/clck/2021.7.1/lib/intel64 -L/usr/lib/gcc/x86_64-linux-gnu/11/../../.. CMakeFiles/cmTC_e2193.dir/OpenMPTryFlag.cpp.o -lstdc++ -lm -lgomp -lgcc_s -lgcc -lpthread -lc -lgcc_s -lgcc /usr/lib/gcc/x86_64-linux-gnu/11/crtendS.o /usr/lib/gcc/x86_64-linux-gnu/11/../../../x86_64-linux-gnu/crtn.o /usr/lib/gcc/x86_64-linux-gnu/11/crtoffloadend.o]
    arg [/usr/lib/gcc/x86_64-linux-gnu/11/collect2] ==> ignore
    arg [-plugin] ==> ignore
    arg [/usr/lib/gcc/x86_64-linux-gnu/11/liblto_plugin.so] ==> ignore
    arg [-plugin-opt=/usr/lib/gcc/x86_64-linux-gnu/11/lto-wrapper] ==> ignore
    arg [-plugin-opt=-fresolution=/tmp/ccxkfDmK.res] ==> ignore
    arg [-plugin-opt=-pass-through=-lgcc_s] ==> ignore
    arg [-plugin-opt=-pass-through=-lgcc] ==> ignore
    arg [-plugin-opt=-pass-through=-lpthread] ==> ignore
    arg [-plugin-opt=-pass-through=-lc] ==> ignore
    arg [-plugin-opt=-pass-through=-lgcc_s] ==> ignore
    arg [-plugin-opt=-pass-through=-lgcc] ==> ignore
    arg [--build-id] ==> ignore
    arg [--eh-frame-hdr] ==> ignore
    arg [-m] ==> ignore
    arg [elf_x86_64] ==> ignore
    arg [--hash-style=gnu] ==> ignore
    arg [--as-needed] ==> ignore
    arg [-dynamic-linker] ==> ignore
    arg [/lib64/ld-linux-x86-64.so.2] ==> ignore
    arg [-pie] ==> ignore
    arg [-znow] ==> ignore
    arg [-zrelro] ==> ignore
    arg [-o] ==> ignore
    arg [cmTC_e2193] ==> ignore
    arg [-L/volatile/tools/intelOneAPI_HPC/intelOneAPI/mpi/2021.7.1//libfabric/lib/../lib] ==> dir [/volatile/tools/intelOneAPI_HPC/intelOneAPI/mpi/2021.7.1//libfabric/lib/../lib]
    arg [-L/volatile/tools/intelOneAPI_HPC/intelOneAPI/mpi/2021.7.1//lib/../lib] ==> dir [/volatile/tools/intelOneAPI_HPC/intelOneAPI/mpi/2021.7.1//lib/../lib]
    arg [-L/volatile/tools/intelOneAPI_HPC/intelOneAPI/compiler/2022.2.1/linux/lib/../lib] ==> dir [/volatile/tools/intelOneAPI_HPC/intelOneAPI/compiler/2022.2.1/linux/lib/../lib]
    arg [-L/usr/lib/gcc/x86_64-linux-gnu/11] ==> dir [/usr/lib/gcc/x86_64-linux-gnu/11]
    arg [-L/usr/lib/gcc/x86_64-linux-gnu/11/../../../x86_64-linux-gnu] ==> dir [/usr/lib/gcc/x86_64-linux-gnu/11/../../../x86_64-linux-gnu]
    arg [-L/usr/lib/gcc/x86_64-linux-gnu/11/../../../../lib] ==> dir [/usr/lib/gcc/x86_64-linux-gnu/11/../../../../lib]
    arg [-L/lib/x86_64-linux-gnu] ==> dir [/lib/x86_64-linux-gnu]
    arg [-L/lib/../lib] ==> dir [/lib/../lib]
    arg [-L/usr/lib/x86_64-linux-gnu] ==> dir [/usr/lib/x86_64-linux-gnu]
    arg [-L/usr/lib/../lib] ==> dir [/usr/lib/../lib]
    arg [-L/volatile/tools/intelOneAPI_HPC/intelOneAPI/tbb/2021.7.1/env/../lib/intel64/gcc4.8] ==> dir [/volatile/tools/intelOneAPI_HPC/intelOneAPI/tbb/2021.7.1/env/../lib/intel64/gcc4.8]
    arg [-L/volatile/tools/intelOneAPI_HPC/intelOneAPI/mpi/2021.7.1//libfabric/lib] ==> dir [/volatile/tools/intelOneAPI_HPC/intelOneAPI/mpi/2021.7.1//libfabric/lib]
    arg [-L/volatile/tools/intelOneAPI_HPC/intelOneAPI/mpi/2021.7.1//lib/release] ==> dir [/volatile/tools/intelOneAPI_HPC/intelOneAPI/mpi/2021.7.1//lib/release]
    arg [-L/volatile/tools/intelOneAPI_HPC/intelOneAPI/mpi/2021.7.1//lib] ==> dir [/volatile/tools/intelOneAPI_HPC/intelOneAPI/mpi/2021.7.1//lib]
    arg [-L/volatile/tools/intelOneAPI_HPC/intelOneAPI/compiler/2022.2.1/linux/compiler/lib/intel64_lin] ==> dir [/volatile/tools/intelOneAPI_HPC/intelOneAPI/compiler/2022.2.1/linux/compiler/lib/intel64_lin]
    arg [-L/volatile/tools/intelOneAPI_HPC/intelOneAPI/compiler/2022.2.1/linux/lib] ==> dir [/volatile/tools/intelOneAPI_HPC/intelOneAPI/compiler/2022.2.1/linux/lib]
    arg [-L/volatile/tools/intelOneAPI_HPC/intelOneAPI/clck/2021.7.1/lib/intel64] ==> dir [/volatile/tools/intelOneAPI_HPC/intelOneAPI/clck/2021.7.1/lib/intel64]
    arg [-L/usr/lib/gcc/x86_64-linux-gnu/11/../../..] ==> dir [/usr/lib/gcc/x86_64-linux-gnu/11/../../..]
    arg [CMakeFiles/cmTC_e2193.dir/OpenMPTryFlag.cpp.o] ==> ignore
    arg [-lstdc++] ==> lib [stdc++]
    arg [-lm] ==> lib [m]
    arg [-lgomp] ==> lib [gomp]
    arg [-lgcc_s] ==> lib [gcc_s]
    arg [-lgcc] ==> lib [gcc]
    arg [-lpthread] ==> lib [pthread]
    arg [-lc] ==> lib [c]
    arg [-lgcc_s] ==> lib [gcc_s]
    arg [-lgcc] ==> lib [gcc]
  collapse library dir [/volatile/tools/intelOneAPI_HPC/intelOneAPI/mpi/2021.7.1//libfabric/lib/../lib] ==> [/volatile/tools/intelOneAPI_HPC/intelOneAPI/mpi/2021.7.1/libfabric/lib]
  collapse library dir [/volatile/tools/intelOneAPI_HPC/intelOneAPI/mpi/2021.7.1//lib/../lib] ==> [/volatile/tools/intelOneAPI_HPC/intelOneAPI/mpi/2021.7.1/lib]
  collapse library dir [/volatile/tools/intelOneAPI_HPC/intelOneAPI/compiler/2022.2.1/linux/lib/../lib] ==> [/volatile/tools/intelOneAPI_HPC/intelOneAPI/compiler/2022.2.1/linux/lib]
  collapse library dir [/usr/lib/gcc/x86_64-linux-gnu/11] ==> [/usr/lib/gcc/x86_64-linux-gnu/11]
  collapse library dir [/usr/lib/gcc/x86_64-linux-gnu/11/../../../x86_64-linux-gnu] ==> [/usr/lib/x86_64-linux-gnu]
  collapse library dir [/usr/lib/gcc/x86_64-linux-gnu/11/../../../../lib] ==> [/usr/lib]
  collapse library dir [/lib/x86_64-linux-gnu] ==> [/lib/x86_64-linux-gnu]
  collapse library dir [/lib/../lib] ==> [/lib]
  collapse library dir [/usr/lib/x86_64-linux-gnu] ==> [/usr/lib/x86_64-linux-gnu]
  collapse library dir [/usr/lib/../lib] ==> [/usr/lib]
  collapse library dir [/volatile/tools/intelOneAPI_HPC/intelOneAPI/tbb/2021.7.1/env/../lib/intel64/gcc4.8] ==> [/volatile/tools/intelOneAPI_HPC/intelOneAPI/tbb/2021.7.1/lib/intel64/gcc4.8]
  collapse library dir [/volatile/tools/intelOneAPI_HPC/intelOneAPI/mpi/2021.7.1//libfabric/lib] ==> [/volatile/tools/intelOneAPI_HPC/intelOneAPI/mpi/2021.7.1/libfabric/lib]
  collapse library dir [/volatile/tools/intelOneAPI_HPC/intelOneAPI/mpi/2021.7.1//lib/release] ==> [/volatile/tools/intelOneAPI_HPC/intelOneAPI/mpi/2021.7.1/lib/release]
  collapse library dir [/volatile/tools/intelOneAPI_HPC/intelOneAPI/mpi/2021.7.1//lib] ==> [/volatile/tools/intelOneAPI_HPC/intelOneAPI/mpi/2021.7.1/lib]
  collapse library dir [/volatile/tools/intelOneAPI_HPC/intelOneAPI/compiler/2022.2.1/linux/compiler/lib/intel64_lin] ==> [/volatile/tools/intelOneAPI_HPC/intelOneAPI/compiler/2022.2.1/linux/compiler/lib/intel64_lin]
  collapse library dir [/volatile/tools/intelOneAPI_HPC/intelOneAPI/compiler/2022.2.1/linux/lib] ==> [/volatile/tools/intelOneAPI_HPC/intelOneAPI/compiler/2022.2.1/linux/lib]
  collapse library dir [/volatile/tools/intelOneAPI_HPC/intelOneAPI/clck/2021.7.1/lib/intel64] ==> [/volatile/tools/intelOneAPI_HPC/intelOneAPI/clck/2021.7.1/lib/intel64]
  collapse library dir [/usr/lib/gcc/x86_64-linux-gnu/11/../../..] ==> [/usr/lib]
  implicit libs: [stdc++;m;gomp;gcc_s;gcc;pthread;c;gcc_s;gcc]
  implicit objs: []
  implicit dirs: [/volatile/tools/intelOneAPI_HPC/intelOneAPI/mpi/2021.7.1/libfabric/lib;/volatile/tools/intelOneAPI_HPC/intelOneAPI/mpi/2021.7.1/lib;/volatile/tools/intelOneAPI_HPC/intelOneAPI/compiler/2022.2.1/linux/lib;/usr/lib/gcc/x86_64-linux-gnu/11;/usr/lib/x86_64-linux-gnu;/usr/lib;/lib/x86_64-linux-gnu;/lib;/volatile/tools/intelOneAPI_HPC/intelOneAPI/tbb/2021.7.1/lib/intel64/gcc4.8;/volatile/tools/intelOneAPI_HPC/intelOneAPI/mpi/2021.7.1/lib/release;/volatile/tools/intelOneAPI_HPC/intelOneAPI/compiler/2022.2.1/linux/compiler/lib/intel64_lin;/volatile/tools/intelOneAPI_HPC/intelOneAPI/clck/2021.7.1/lib/intel64]
  implicit fwks: []


Performing C++ SOURCE FILE Test WALL_SUPPORTED succeeded with the following output:
Change Dir: /volatile/Git/GeoLab/build/CMakeFiles/CMakeTmp

Run Build Command(s):/usr/bin/gmake -f Makefile cmTC_e1fb9/fast && /usr/bin/gmake  -f CMakeFiles/cmTC_e1fb9.dir/build.make CMakeFiles/cmTC_e1fb9.dir/build
gmake[1]: Entering directory '/volatile/Git/GeoLab/build/CMakeFiles/CMakeTmp'
Building CXX object CMakeFiles/cmTC_e1fb9.dir/src.cxx.o
/usr/bin/c++ -DWALL_SUPPORTED  -fopenmp    -Wall -o CMakeFiles/cmTC_e1fb9.dir/src.cxx.o -c /volatile/Git/GeoLab/build/CMakeFiles/CMakeTmp/src.cxx
Linking CXX executable cmTC_e1fb9
/usr/bin/cmake -E cmake_link_script CMakeFiles/cmTC_e1fb9.dir/link.txt --verbose=1
/usr/bin/c++  -fopenmp  -rdynamic CMakeFiles/cmTC_e1fb9.dir/src.cxx.o -o cmTC_e1fb9 
gmake[1]: Leaving directory '/volatile/Git/GeoLab/build/CMakeFiles/CMakeTmp'


Source file was:
int main() { return 0; }
